<?xml version="1.0" encoding="UTF-8"?>
<!-- Generated by org.testng.reporters.JUnitReportReporter -->
<testsuite hostname="CNLDLF2586" failures="0" tests="5" name="com.qa.testscripts.AutomationAnywhereMenu_TestNG" time="61.351" errors="0" timestamp="2023-07-24T21:40:59 IST" skipped="0">
  <testcase classname="com.qa.testscripts.AutomationAnywhereMenu_TestNG" name="verifyingProductsLink" time="36.062"/>
  <system-out/>
  <testcase classname="com.qa.testscripts.AutomationAnywhereMenu_TestNG" name="verifyingSolutionsLink" time="6.027"/>
  <system-out/>
  <testcase classname="com.qa.testscripts.AutomationAnywhereMenu_TestNG" name="verifyingResourcesLink" time="7.819"/>
  <system-out/>
  <testcase classname="com.qa.testscripts.AutomationAnywhereMenu_TestNG" name="verifyingBeyondRPALink" time="7.767"/>
  <system-out/>
  <testcase classname="com.qa.testscripts.AutomationAnywhereMenu_TestNG" name="verifyingCompanyLink" time="3.676"/>
  <system-out/>
</testsuite> <!-- com.qa.testscripts.AutomationAnywhereMenu_TestNG -->
