<?xml version="1.0" encoding="UTF-8"?>
<!-- Generated by org.testng.reporters.JUnitReportReporter -->
<testsuite hostname="CNLDLF2586" failures="0" tests="7" name="com.qa.testscripts.AutomationAnywhereTestNG" time="105.977" errors="0" timestamp="2023-07-24T21:27:27 IST" skipped="0">
  <testcase classname="com.qa.testscripts.AutomationAnywhereTestNG" name="verifyingResourcesLink" time="7.038"/>
  <system-out/>
  <testcase classname="com.qa.testscripts.AutomationAnywhereTestNG" name="verifyingCompanyLink" time="58.723"/>
  <system-out/>
  <testcase classname="com.qa.testscripts.AutomationAnywhereTestNG" name="visibilityOfLogo" time="0.062"/>
  <system-out/>
  <testcase classname="com.qa.testscripts.AutomationAnywhereTestNG" name="verifyingSolutionsLink" time="5.424"/>
  <system-out/>
  <testcase classname="com.qa.testscripts.AutomationAnywhereTestNG" name="verifyingProductsLink" time="11.394"/>
  <system-out/>
  <testcase classname="com.qa.testscripts.AutomationAnywhereTestNG" name="verifyingBeyondRPALink" time="23.195"/>
  <system-out/>
  <testcase classname="com.qa.testscripts.AutomationAnywhereTestNG" name="verifyingRequestDemoButton" time="0.141"/>
  <system-out/>
</testsuite> <!-- com.qa.testscripts.AutomationAnywhereTestNG -->
