<?xml version="1.0" encoding="UTF-8"?>
<!-- Generated by org.testng.reporters.JUnitReportReporter -->
<testsuite hostname="CNLDLF2586" failures="0" tests="2" name="com.qa.testscripts.AutomationAnywhereLogo_TestNG" time="0.608" errors="0" timestamp="2023-07-24T21:40:59 IST" skipped="0">
  <testcase classname="com.qa.testscripts.AutomationAnywhereLogo_TestNG" name="visibilityOfLogo" time="0.398"/>
  <system-out/>
  <testcase classname="com.qa.testscripts.AutomationAnywhereLogo_TestNG" name="verifyingRequestDemoButton" time="0.210"/>
  <system-out/>
</testsuite> <!-- com.qa.testscripts.AutomationAnywhereLogo_TestNG -->
